0 info it worked if it ends with ok
1 verbose cli [ '/usr/bin/node', '/usr/bin/npm', 'install', 'passport' ]
2 info using npm@1.4.28
3 info using node@v0.10.39
4 verbose node symlink /usr/bin/node
5 verbose readDependencies using package.json deps
6 verbose cache add [ 'passport', null ]
7 verbose cache add name=undefined spec="passport" args=["passport",null]
8 verbose parsed url { protocol: null,
8 verbose parsed url   slashes: null,
8 verbose parsed url   auth: null,
8 verbose parsed url   host: null,
8 verbose parsed url   port: null,
8 verbose parsed url   hostname: null,
8 verbose parsed url   hash: null,
8 verbose parsed url   search: null,
8 verbose parsed url   query: null,
8 verbose parsed url   pathname: 'passport',
8 verbose parsed url   path: 'passport',
8 verbose parsed url   href: 'passport' }
9 silly lockFile a3404013-passport passport
10 verbose lock passport /home/vagrant/.npm/a3404013-passport.lock
11 silly lockFile a3404013-passport passport
12 silly lockFile a3404013-passport passport
13 verbose addNamed [ 'passport', '' ]
14 verbose addNamed [ null, '*' ]
15 silly lockFile d5a254c4-passport passport@
16 verbose lock passport@ /home/vagrant/.npm/d5a254c4-passport.lock
17 silly addNameRange { name: 'passport', range: '*', hasData: false }
18 verbose request where is /passport
19 verbose request registry https://registry.npmjs.org/
20 verbose request id 8f17e2aab4e2ce7a
21 verbose url raw /passport
22 verbose url resolving [ 'https://registry.npmjs.org/', './passport' ]
23 verbose url resolved https://registry.npmjs.org/passport
24 verbose request where is https://registry.npmjs.org/passport
25 info trying registry request attempt 1 at 10:00:00
26 verbose etag "30J1X40R0MFPN22K5TYN2RLB"
27 http GET https://registry.npmjs.org/passport
28 http 200 https://registry.npmjs.org/passport
29 silly registry.get cb [ 200,
29 silly registry.get   { server: 'CouchDB/1.5.0 (Erlang OTP/R16B03)',
29 silly registry.get     etag: '"2FTYR93TGI0N2XFDSKN5581JC"',
29 silly registry.get     'content-type': 'application/json',
29 silly registry.get     'cache-control': 'max-age=60',
29 silly registry.get     'content-length': '36393',
29 silly registry.get     'accept-ranges': 'bytes',
29 silly registry.get     date: 'Mon, 13 Jul 2015 10:06:45 GMT',
29 silly registry.get     via: '1.1 varnish',
29 silly registry.get     age: '51',
29 silly registry.get     connection: 'keep-alive',
29 silly registry.get     'x-served-by': 'cache-fra1226-FRA',
29 silly registry.get     'x-cache': 'HIT',
29 silly registry.get     'x-cache-hits': '2',
29 silly registry.get     'x-timer': 'S1436782005.796325,VS0,VE0',
29 silly registry.get     vary: 'Accept' } ]
30 silly addNameRange number 2 { name: 'passport', range: '*', hasData: true }
31 silly addNameRange versions [ 'passport',
31 silly addNameRange   [ '0.1.0',
31 silly addNameRange     '0.1.1',
31 silly addNameRange     '0.1.2',
31 silly addNameRange     '0.1.3',
31 silly addNameRange     '0.1.4',
31 silly addNameRange     '0.1.5',
31 silly addNameRange     '0.1.6',
31 silly addNameRange     '0.1.7',
31 silly addNameRange     '0.1.8',
31 silly addNameRange     '0.1.9',
31 silly addNameRange     '0.1.10',
31 silly addNameRange     '0.1.11',
31 silly addNameRange     '0.1.12',
31 silly addNameRange     '0.1.13',
31 silly addNameRange     '0.1.14',
31 silly addNameRange     '0.1.15',
31 silly addNameRange     '0.1.16',
31 silly addNameRange     '0.1.17',
31 silly addNameRange     '0.1.18',
31 silly addNameRange     '0.2.0',
31 silly addNameRange     '0.2.1',
31 silly addNameRange     '0.2.2' ] ]
32 verbose addNamed [ 'passport', '0.2.2' ]
33 verbose addNamed [ '0.2.2', '0.2.2' ]
34 silly lockFile e0584552-passport-0-2-2 passport@0.2.2
35 verbose lock passport@0.2.2 /home/vagrant/.npm/e0584552-passport-0-2-2.lock
36 silly lockFile b56d6135--org-passport-passport-0-2-2-tgz https://registry.npmjs.org/passport/-/passport-0.2.2.tgz
37 verbose lock https://registry.npmjs.org/passport/-/passport-0.2.2.tgz /home/vagrant/.npm/b56d6135--org-passport-passport-0-2-2-tgz.lock
38 verbose addRemoteTarball [ 'https://registry.npmjs.org/passport/-/passport-0.2.2.tgz',
38 verbose addRemoteTarball   '9c38f17beb929f3d81af7b8838e8430db8703f2b' ]
39 info retry fetch attempt 1 at 10:00:01
40 verbose fetch to= /tmp/npm-31566-yRPxYGTe/registry.npmjs.org/passport/-/passport-0.2.2.tgz
41 http GET https://registry.npmjs.org/passport/-/passport-0.2.2.tgz
42 http 200 https://registry.npmjs.org/passport/-/passport-0.2.2.tgz
43 silly lockFile b56d6135--org-passport-passport-0-2-2-tgz https://registry.npmjs.org/passport/-/passport-0.2.2.tgz
44 silly lockFile b56d6135--org-passport-passport-0-2-2-tgz https://registry.npmjs.org/passport/-/passport-0.2.2.tgz
45 silly lockFile e0584552-passport-0-2-2 passport@0.2.2
46 silly lockFile e0584552-passport-0-2-2 passport@0.2.2
47 silly lockFile d5a254c4-passport passport@
48 silly lockFile d5a254c4-passport passport@
49 error Error: EACCES, mkdir '/home/vagrant/.npm/passport/0.2.2'
49 error  { [Error: EACCES, mkdir '/home/vagrant/.npm/passport/0.2.2']
49 error   errno: 3,
49 error   code: 'EACCES',
49 error   path: '/home/vagrant/.npm/passport/0.2.2',
49 error   parent: 'Test' }
50 error Please try running this command again as root/Administrator.
51 error System Linux 3.2.0-23-generic-pae
52 error command "/usr/bin/node" "/usr/bin/npm" "install" "passport"
53 error cwd /vagrant/Node_practice/Test
54 error node -v v0.10.39
55 error npm -v 1.4.28
56 error path /home/vagrant/.npm/passport/0.2.2
57 error code EACCES
58 error errno 3
59 error stack Error: EACCES, mkdir '/home/vagrant/.npm/passport/0.2.2'
60 verbose exit [ 3, true ]
